<?xml version="1.0" encoding="UTF-8"?>
<!-- Generated by org.testng.reporters.JUnitXMLReporter -->
<testsuite hostname="sks-PC" ignored="1" name="Test" tests="11" failures="0" timestamp="2020-07-27T11:06:34 IST" time="22.167" errors="0">
  <testcase name="ValidateTitle" time="2.82" classname="Com.Tcs.Online.Script.TestScript"/>
  <testcase name="ValidateUrl" time="0.03" classname="Com.Tcs.Online.Script.TestScript"/>
  <testcase name="Validatename" time="0.162" classname="Com.Tcs.Online.Script.TestScript"/>
  <testcase name="Validatecreate" time="0.042" classname="Com.Tcs.Online.Script.TestScript"/>
  <testcase name="ValidateRadiobutton" time="0.061" classname="Com.Tcs.Online.Script.TestScript"/>
  <testcase name="ValidateEmail" time="0.375" classname="Com.Tcs.Online.Script.TestScript"/>
  <testcase name="ValidatePass" time="0.206" classname="Com.Tcs.Online.Script.TestScript"/>
  <testcase name="ValidateTest" time="4.291" classname="Com.Tcs.Online.Script.TestScript"/>
  <testcase name="ValidateDropdown" time="0.221" classname="Com.Tcs.Online.Script.TestScript"/>
  <testcase name="ValidateDropdownMonth" time="0.176" classname="Com.Tcs.Online.Script.TestScript"/>
  <testcase name="ValidateDropdownYear" time="0.14" classname="Com.Tcs.Online.Script.TestScript"/>
  <testcase name="ValidateAlertOKbutton" time="0.0" classname="Com.Tcs.Online.Script.TestScript">
    <ignored/>
  </testcase> <!-- ValidateAlertOKbutton -->
</testsuite> <!-- Test -->
