<?xml version="1.0" encoding="UTF-8"?>
<!-- Generated by org.testng.reporters.JUnitXMLReporter -->
<testsuite hostname="sks-PC" ignored="1" name="Test" tests="11" failures="0" timestamp="2020-07-27T11:05:57 IST" time="24.8" errors="0">
  <testcase name="ValidateTitle" time="0.039" classname="Com.Tcs.Online.Script.TestScript"/>
  <testcase name="ValidateUrl" time="0.008" classname="Com.Tcs.Online.Script.TestScript"/>
  <testcase name="Validatename" time="0.181" classname="Com.Tcs.Online.Script.TestScript"/>
  <testcase name="Validatecreate" time="0.043" classname="Com.Tcs.Online.Script.TestScript"/>
  <testcase name="ValidateRadiobutton" time="0.066" classname="Com.Tcs.Online.Script.TestScript"/>
  <testcase name="ValidateEmail" time="0.144" classname="Com.Tcs.Online.Script.TestScript"/>
  <testcase name="ValidatePass" time="4.946" classname="Com.Tcs.Online.Script.TestScript"/>
  <testcase name="ValidateTest" time="4.241" classname="Com.Tcs.Online.Script.TestScript"/>
  <testcase name="ValidateDropdown" time="0.222" classname="Com.Tcs.Online.Script.TestScript"/>
  <testcase name="ValidateDropdownMonth" time="0.144" classname="Com.Tcs.Online.Script.TestScript"/>
  <testcase name="ValidateDropdownYear" time="0.135" classname="Com.Tcs.Online.Script.TestScript"/>
  <testcase name="ValidateAlertOKbutton" time="0.0" classname="Com.Tcs.Online.Script.TestScript">
    <ignored/>
  </testcase> <!-- ValidateAlertOKbutton -->
</testsuite> <!-- Test -->
