<?xml version="1.0" encoding="UTF-8"?>
<testng-results skipped="0" failed="0" ignored="1" total="12" passed="11">
  <reporter-output>
  </reporter-output>
  <suite name="Suite" duration-ms="24800" started-at="2020-07-27T11:05:33 IST" finished-at="2020-07-27T11:05:57 IST">
    <groups>
    </groups>
    <test name="Test" duration-ms="24800" started-at="2020-07-27T11:05:33 IST" finished-at="2020-07-27T11:05:57 IST">
      <class name="Com.Tcs.Online.Script.TestScript">
        <test-method status="PASS" signature="Setup()[pri:0, instance:Com.Tcs.Online.Script.TestScript@16eabae]" name="Setup" is-config="true" duration-ms="12147" started-at="2020-07-27T11:05:33 IST" finished-at="2020-07-27T11:05:45 IST">
          <reporter-output>
          </reporter-output>
        </test-method> <!-- Setup -->
        <test-method status="PASS" signature="ValidateTitle()[pri:1, instance:Com.Tcs.Online.Script.TestScript@16eabae]" name="ValidateTitle" duration-ms="39" started-at="2020-07-27T11:05:45 IST" finished-at="2020-07-27T11:05:45 IST">
          <reporter-output>
          </reporter-output>
        </test-method> <!-- ValidateTitle -->
        <test-method status="PASS" signature="ValidateUrl()[pri:2, instance:Com.Tcs.Online.Script.TestScript@16eabae]" name="ValidateUrl" duration-ms="8" started-at="2020-07-27T11:05:45 IST" finished-at="2020-07-27T11:05:45 IST">
          <reporter-output>
          </reporter-output>
        </test-method> <!-- ValidateUrl -->
        <test-method status="PASS" signature="Validatename()[pri:3, instance:Com.Tcs.Online.Script.TestScript@16eabae]" name="Validatename" duration-ms="181" started-at="2020-07-27T11:05:45 IST" finished-at="2020-07-27T11:05:45 IST">
          <reporter-output>
          </reporter-output>
        </test-method> <!-- Validatename -->
        <test-method status="PASS" signature="Validatecreate()[pri:4, instance:Com.Tcs.Online.Script.TestScript@16eabae]" name="Validatecreate" duration-ms="43" started-at="2020-07-27T11:05:45 IST" finished-at="2020-07-27T11:05:45 IST">
          <reporter-output>
          </reporter-output>
        </test-method> <!-- Validatecreate -->
        <test-method status="PASS" signature="ValidateRadiobutton()[pri:5, instance:Com.Tcs.Online.Script.TestScript@16eabae]" name="ValidateRadiobutton" duration-ms="66" started-at="2020-07-27T11:05:45 IST" finished-at="2020-07-27T11:05:45 IST">
          <reporter-output>
          </reporter-output>
        </test-method> <!-- ValidateRadiobutton -->
        <test-method status="PASS" signature="ValidateEmail()[pri:6, instance:Com.Tcs.Online.Script.TestScript@16eabae]" name="ValidateEmail" duration-ms="144" started-at="2020-07-27T11:05:45 IST" finished-at="2020-07-27T11:05:45 IST">
          <reporter-output>
          </reporter-output>
        </test-method> <!-- ValidateEmail -->
        <test-method status="PASS" signature="ValidatePass()[pri:7, instance:Com.Tcs.Online.Script.TestScript@16eabae]" name="ValidatePass" duration-ms="4946" started-at="2020-07-27T11:05:45 IST" finished-at="2020-07-27T11:05:50 IST">
          <reporter-output>
          </reporter-output>
        </test-method> <!-- ValidatePass -->
        <test-method status="PASS" signature="ValidateTest()[pri:8, instance:Com.Tcs.Online.Script.TestScript@16eabae]" name="ValidateTest" duration-ms="4241" started-at="2020-07-27T11:05:50 IST" finished-at="2020-07-27T11:05:55 IST">
          <reporter-output>
          </reporter-output>
        </test-method> <!-- ValidateTest -->
        <test-method status="PASS" signature="ValidateDropdown()[pri:9, instance:Com.Tcs.Online.Script.TestScript@16eabae]" name="ValidateDropdown" duration-ms="222" started-at="2020-07-27T11:05:55 IST" finished-at="2020-07-27T11:05:55 IST">
          <reporter-output>
          </reporter-output>
        </test-method> <!-- ValidateDropdown -->
        <test-method status="PASS" signature="ValidateDropdownMonth()[pri:10, instance:Com.Tcs.Online.Script.TestScript@16eabae]" name="ValidateDropdownMonth" duration-ms="144" started-at="2020-07-27T11:05:55 IST" finished-at="2020-07-27T11:05:55 IST">
          <reporter-output>
          </reporter-output>
        </test-method> <!-- ValidateDropdownMonth -->
        <test-method status="PASS" signature="ValidateDropdownYear()[pri:11, instance:Com.Tcs.Online.Script.TestScript@16eabae]" name="ValidateDropdownYear" duration-ms="135" started-at="2020-07-27T11:05:55 IST" finished-at="2020-07-27T11:05:55 IST">
          <reporter-output>
          </reporter-output>
        </test-method> <!-- ValidateDropdownYear -->
        <test-method status="PASS" signature="Teardown()[pri:0, instance:Com.Tcs.Online.Script.TestScript@16eabae]" name="Teardown" is-config="true" duration-ms="2445" started-at="2020-07-27T11:05:55 IST" finished-at="2020-07-27T11:05:57 IST">
          <reporter-output>
          </reporter-output>
        </test-method> <!-- Teardown -->
      </class> <!-- Com.Tcs.Online.Script.TestScript -->
    </test> <!-- Test -->
  </suite> <!-- Suite -->
</testng-results>
