<?xml version="1.0" encoding="UTF-8"?>
<testng-results skipped="0" failed="0" ignored="1" total="12" passed="11">
  <reporter-output>
  </reporter-output>
  <suite name="Suite" duration-ms="22167" started-at="2020-07-27T11:06:11 IST" finished-at="2020-07-27T11:06:33 IST">
    <groups>
    </groups>
    <test name="Test" duration-ms="22167" started-at="2020-07-27T11:06:11 IST" finished-at="2020-07-27T11:06:33 IST">
      <class name="Com.Tcs.Online.Script.TestScript">
        <test-method status="PASS" signature="Setup()[pri:0, instance:Com.Tcs.Online.Script.TestScript@f93a98]" name="Setup" is-config="true" duration-ms="10961" started-at="2020-07-27T11:06:11 IST" finished-at="2020-07-27T11:06:22 IST">
          <reporter-output>
          </reporter-output>
        </test-method> <!-- Setup -->
        <test-method status="PASS" signature="ValidateTitle()[pri:1, instance:Com.Tcs.Online.Script.TestScript@f93a98]" name="ValidateTitle" duration-ms="2820" started-at="2020-07-27T11:06:22 IST" finished-at="2020-07-27T11:06:25 IST">
          <reporter-output>
          </reporter-output>
        </test-method> <!-- ValidateTitle -->
        <test-method status="PASS" signature="ValidateUrl()[pri:2, instance:Com.Tcs.Online.Script.TestScript@f93a98]" name="ValidateUrl" duration-ms="30" started-at="2020-07-27T11:06:25 IST" finished-at="2020-07-27T11:06:25 IST">
          <reporter-output>
          </reporter-output>
        </test-method> <!-- ValidateUrl -->
        <test-method status="PASS" signature="Validatename()[pri:3, instance:Com.Tcs.Online.Script.TestScript@f93a98]" name="Validatename" duration-ms="162" started-at="2020-07-27T11:06:25 IST" finished-at="2020-07-27T11:06:26 IST">
          <reporter-output>
          </reporter-output>
        </test-method> <!-- Validatename -->
        <test-method status="PASS" signature="Validatecreate()[pri:4, instance:Com.Tcs.Online.Script.TestScript@f93a98]" name="Validatecreate" duration-ms="42" started-at="2020-07-27T11:06:26 IST" finished-at="2020-07-27T11:06:26 IST">
          <reporter-output>
          </reporter-output>
        </test-method> <!-- Validatecreate -->
        <test-method status="PASS" signature="ValidateRadiobutton()[pri:5, instance:Com.Tcs.Online.Script.TestScript@f93a98]" name="ValidateRadiobutton" duration-ms="61" started-at="2020-07-27T11:06:26 IST" finished-at="2020-07-27T11:06:26 IST">
          <reporter-output>
          </reporter-output>
        </test-method> <!-- ValidateRadiobutton -->
        <test-method status="PASS" signature="ValidateEmail()[pri:6, instance:Com.Tcs.Online.Script.TestScript@f93a98]" name="ValidateEmail" duration-ms="375" started-at="2020-07-27T11:06:26 IST" finished-at="2020-07-27T11:06:26 IST">
          <reporter-output>
          </reporter-output>
        </test-method> <!-- ValidateEmail -->
        <test-method status="PASS" signature="ValidatePass()[pri:7, instance:Com.Tcs.Online.Script.TestScript@f93a98]" name="ValidatePass" duration-ms="206" started-at="2020-07-27T11:06:26 IST" finished-at="2020-07-27T11:06:26 IST">
          <reporter-output>
          </reporter-output>
        </test-method> <!-- ValidatePass -->
        <test-method status="PASS" signature="ValidateTest()[pri:8, instance:Com.Tcs.Online.Script.TestScript@f93a98]" name="ValidateTest" duration-ms="4291" started-at="2020-07-27T11:06:26 IST" finished-at="2020-07-27T11:06:30 IST">
          <reporter-output>
          </reporter-output>
        </test-method> <!-- ValidateTest -->
        <test-method status="PASS" signature="ValidateDropdown()[pri:9, instance:Com.Tcs.Online.Script.TestScript@f93a98]" name="ValidateDropdown" duration-ms="221" started-at="2020-07-27T11:06:31 IST" finished-at="2020-07-27T11:06:31 IST">
          <reporter-output>
          </reporter-output>
        </test-method> <!-- ValidateDropdown -->
        <test-method status="PASS" signature="ValidateDropdownMonth()[pri:10, instance:Com.Tcs.Online.Script.TestScript@f93a98]" name="ValidateDropdownMonth" duration-ms="176" started-at="2020-07-27T11:06:31 IST" finished-at="2020-07-27T11:06:31 IST">
          <reporter-output>
          </reporter-output>
        </test-method> <!-- ValidateDropdownMonth -->
        <test-method status="PASS" signature="ValidateDropdownYear()[pri:11, instance:Com.Tcs.Online.Script.TestScript@f93a98]" name="ValidateDropdownYear" duration-ms="140" started-at="2020-07-27T11:06:31 IST" finished-at="2020-07-27T11:06:31 IST">
          <reporter-output>
          </reporter-output>
        </test-method> <!-- ValidateDropdownYear -->
        <test-method status="PASS" signature="Teardown()[pri:0, instance:Com.Tcs.Online.Script.TestScript@f93a98]" name="Teardown" is-config="true" duration-ms="2354" started-at="2020-07-27T11:06:31 IST" finished-at="2020-07-27T11:06:33 IST">
          <reporter-output>
          </reporter-output>
        </test-method> <!-- Teardown -->
      </class> <!-- Com.Tcs.Online.Script.TestScript -->
    </test> <!-- Test -->
  </suite> <!-- Suite -->
</testng-results>
